150317 140415.543|CONFIG|main|setFileHandlers|Now logging to /home/caleb/pc2-9.2.4/bin/logs directory.
150317 140415.545|INFO|main|info|
150317 140415.551|INFO|main|info|Version 9.2.4 20140920 (Saturday, September 20th 2014 00:52 UTC) Java ver 1.8.0_31 build 2837 Linux 3.18.9-200.fc21.x86_64 (amd64) 
150317 140415.551|INFO|main|startLog|Working directory is /home/caleb/pc2-9.2.4/bin
150317 140415.562|INFO|main|startLog|Process id is 2482@localhost.localdomain
150317 140415.562|INFO|main|start|Starting ConnectionManager...
150317 140415.619|INFO|main|start|Started ConnectionManager
150317 140415.622|INFO|main|setClientServerAndPort|INI File location: file:/home/caleb/pc2-9.2.4/bin/pc2v9.ini
150317 140415.622|INFO|main|setClientServerAndPort|setClientServerAndPort 10.64.29.105 parsed as 10.64.29.105 port 50002
150317 140415.623|INFO|main|info|Contacting server at 10.64.29.105:50002
150317 140415.624|INFO|main|connectToMyServer|Connecting to 10.64.29.105:50002
150317 140415.722|INFO|Thread-1|receiveUnencrypted|receiveUnencrypted(TransportWrapper, ConnectionHandlerID=Socket[addr=/10.64.29.105,port=50002,localport=32992]--1873371408195381458)
150317 140415.749|INFO|Thread-1|receiveUnencrypted|receiveUnencrypted Made a secret key for Socket[addr=/10.64.29.105,port=50002,localport=32992]--1873371408195381458 key is com.sun.crypto.provider.DESKey@184d1
150317 140415.750|INFO|Thread-1|getPublicKeyPacket|Generating Unencrypted Public Key Packet
150317 140415.753|INFO|Thread-1|getPublicKeyPacket|checking key:= SunJCE Diffie-Hellman Public Key:
y:
    4957f682 536f9263 a8b27297 8bd53b8f f466c949 351279f0 d5de027b 2166c182
    cad50701 6f1001ca ab1a82b2 989b19cc cd4004b7 e1e61560 b9a5414e 468d128b
    9eed1ae2 e183a3cf bbec88ca 344e283f 0afc4068 93f5db7c 74a0763d f114d006
    f9cbbba1 05a516a5 846f2eb3 6c4016bc 399b7bbf 8707b0fa 2bcd9943 fd70d345
p:
    f488fd58 4e49dbcd 20b49de4 9107366b 336c380d 451d0f7c 88b31c7c 5b2d8ef6
    f3c923c0 43f0a55b 188d8ebb 558cb85d 38d334fd 7c175743 a31d186c de33212c
    b52aff3c e1b12940 18118d7c 84a70a72 d686c403 19c80729 7aca950c d9969fab
    d00a509b 0246d308 3d66a45d 419f9c7c bd894b22 1926baab a25ec355 e92f78c7
g:
    02
l:
    512
150317 140415.754|INFO|Thread-1|getPublicKeyPacket|packet:= edu.csus.ecs.pc2.core.transport.TransportWrapper@6c12f593
150317 142929.938|INFO|Thread-1|receive|SocketException in receive for Socket[addr=/10.64.29.105,port=50002,localport=32992]--1873371408195381458
|java.net.SocketException: Connection reset
|    at java.net.SocketInputStream.read (SocketInputStream.java:189)
|    at java.net.SocketInputStream.read (SocketInputStream.java:121)
|    at java.net.SocketInputStream.read (SocketInputStream.java:203)
|    at java.io.ObjectInputStream$PeekInputStream.peek (ObjectInputStream.java:2296)
|    at java.io.ObjectInputStream$BlockDataInputStream.peek (ObjectInputStream.java:2589)
|    at java.io.ObjectInputStream$BlockDataInputStream.peekByte (ObjectInputStream.java:2599)
|    at java.io.ObjectInputStream.readObject0 (ObjectInputStream.java:1319)
|    at java.io.ObjectInputStream.readObject (ObjectInputStream.java:371)
|    at edu.csus.ecs.pc2.core.transport.ConnectionHandlerThread.receive (ConnectionHandlerThread.java:151)
|    at edu.csus.ecs.pc2.core.transport.ConnectionHandlerClientThread.run (ConnectionHandlerClientThread.java:65)
150317 142929.940|FINER|Thread-1|run|THROW
|edu.csus.ecs.pc2.core.transport.TransportException: Connection reset
|    at edu.csus.ecs.pc2.core.transport.ConnectionHandlerThread.receive (ConnectionHandlerThread.java:155)
|    at edu.csus.ecs.pc2.core.transport.ConnectionHandlerClientThread.run (ConnectionHandlerClientThread.java:65)
